
**** Build of configuration Debug for project Senior Design ****

/home/ryhig/CCS/ccsv8/utils/bin/gmake -k -j 4 all -O 
 
Building file: "../startup_msp432p401r_ccs.c"
Invoking: ARM Compiler
"/home/ryhig/CCS/ccsv8/tools/compiler/ti-cgt-arm_18.1.1.LTS/bin/armcl" -mv7M4 --code_state=16 --float_support=FPv4SPD16 -me --include_path="/home/ryhig/CCS/ccsv8/ccs_base/arm/include" --include_path="/home/ryhig/CCS/msp432_driverlib_3_21_00_05/inc" --include_path="/home/ryhig/CCS/ccsv8/ccs_base/arm/include/CMSIS" --include_path="/home/ryhig/workspace_v8/Senior Design" --include_path="/home/ryhig/CCS/ccsv8/tools/compiler/ti-cgt-arm_18.1.1.LTS/include" --advice:power="all" --define=__MSP432P401R__ --define=ccs -g --gcc --diag_warning=225 --diag_wrap=off --display_error_number --abi=eabi --preproc_with_compile --preproc_dependency="startup_msp432p401r_ccs.d_raw"  "../startup_msp432p401r_ccs.c"
Finished building: "../startup_msp432p401r_ccs.c"
 
Building file: "../system_msp432p401r.c"
Invoking: ARM Compiler
"/home/ryhig/CCS/ccsv8/tools/compiler/ti-cgt-arm_18.1.1.LTS/bin/armcl" -mv7M4 --code_state=16 --float_support=FPv4SPD16 -me --include_path="/home/ryhig/CCS/ccsv8/ccs_base/arm/include" --include_path="/home/ryhig/CCS/msp432_driverlib_3_21_00_05/inc" --include_path="/home/ryhig/CCS/ccsv8/ccs_base/arm/include/CMSIS" --include_path="/home/ryhig/workspace_v8/Senior Design" --include_path="/home/ryhig/CCS/ccsv8/tools/compiler/ti-cgt-arm_18.1.1.LTS/include" --advice:power="all" --define=__MSP432P401R__ --define=ccs -g --gcc --diag_warning=225 --diag_wrap=off --display_error_number --abi=eabi --preproc_with_compile --preproc_dependency="system_msp432p401r.d_raw"  "../system_msp432p401r.c"
"../system_msp432p401r.c", line 156: remark #2623-D: (ULP 5.4) Detected an assignment to a type with size less than int. To avoid unnecessary sign extension, use int-sized types for local varaibles and convert to smaller types for static storage.
"../system_msp432p401r.c", line 189: remark #2623-D: (ULP 5.4) Detected an assignment to a type with size less than int. To avoid unnecessary sign extension, use int-sized types for local varaibles and convert to smaller types for static storage.
Finished building: "../system_msp432p401r.c"
 
Building target: "Senior Design.out"
Invoking: ARM Linker
"/home/ryhig/CCS/ccsv8/tools/compiler/ti-cgt-arm_18.1.1.LTS/bin/armcl" -mv7M4 --code_state=16 --float_support=FPv4SPD16 -me --advice:power="all" --define=__MSP432P401R__ --define=ccs -g --gcc --diag_warning=225 --diag_wrap=off --display_error_number --abi=eabi -z -m"Senior Design.map" --heap_size=1024 --stack_size=512 -i"/home/ryhig/CCS/ccsv8/ccs_base/arm/include" -i"/home/ryhig/CCS/msp432_driverlib_3_21_00_05/driverlib/MSP432P4xx/ccs" -i"/home/ryhig/CCS/ccsv8/tools/compiler/ti-cgt-arm_18.1.1.LTS/lib" -i"/home/ryhig/CCS/ccsv8/tools/compiler/ti-cgt-arm_18.1.1.LTS/include" --reread_libs --diag_wrap=off --display_error_number --warn_sections --xml_link_info="Senior Design_linkInfo.xml" --rom_model -o "Senior Design.out" "./startup_msp432p401r_ccs.obj" "./system_msp432p401r.obj" "../msp432p401r.cmd"  -llibc.a -l"/home/ryhig/CCS/msp432_driverlib_3_21_00_05/driverlib/MSP432P4xx/ccs/msp432p4xx_driverlib.lib" 
<Linking>
 
 undefined first referenced                                                                                                 
  symbol       in file                                                                                                      
 --------- ----------------                                                                                                 
 main      /home/ryhig/CCS/ccsv8/tools/compiler/ti-cgt-arm_18.1.1.LTS/lib/rtsv7M4_T_le_v4SPD16_eabi.lib<boot_cortex_m.c.obj>
 
error #10234-D: unresolved symbols remain
error #10010: errors encountered during linking; "Senior Design.out" not built
remark #10371-D: (ULP 1.1) Detected no uses of low power mode state changing instructions
 
>> Compilation failure
makefile:141: recipe for target 'Senior Design.out' failed
gmake[1]: *** [Senior Design.out] Error 1
gmake: *** [all] Error 2
makefile:137: recipe for target 'all' failed

**** Build Finished ****
